0 info it worked if it ends with ok
1 verbose cli [ '/Users/kousuke_banzai/.nodebrew/node/v6.11.0/bin/node',
1 verbose cli   '/Users/kousuke_banzai/.nodebrew/current/bin/npm',
1 verbose cli   'start' ]
2 info using npm@3.10.10
3 info using node@v6.11.0
4 verbose run-script [ 'prestart', 'start', 'poststart' ]
5 info lifecycle tokiyori_devkit@1.0.0~prestart: tokiyori_devkit@1.0.0
6 silly lifecycle tokiyori_devkit@1.0.0~prestart: no script for prestart, continuing
7 info lifecycle tokiyori_devkit@1.0.0~start: tokiyori_devkit@1.0.0
8 verbose lifecycle tokiyori_devkit@1.0.0~start: unsafe-perm in lifecycle true
9 verbose lifecycle tokiyori_devkit@1.0.0~start: PATH: /Users/kousuke_banzai/.nodebrew/node/v6.11.0/lib/node_modules/npm/bin/node-gyp-bin:/Applications/MAMP/htdocs/devkit/src/node_modules/.bin:/Users/kousuke_banzai/.nodebrew/node/v6.11.0/bin:/Users/kousuke_banzai/.nodebrew/current/bin:/Users/kousuke_banzai/.nodebrew/current/bin:/usr/local/bin:/usr/bin:/bin:/usr/sbin:/sbin:/Library/Apple/usr/bin:/Users/numa/.nodebrew/current/bin:/Users/kousuke_banzai/.rvm/bin
10 verbose lifecycle tokiyori_devkit@1.0.0~start: CWD: /Applications/MAMP/htdocs/devkit/src
11 silly lifecycle tokiyori_devkit@1.0.0~start: Args: [ '-c', 'npm-run-all -p watch:*' ]
12 silly lifecycle tokiyori_devkit@1.0.0~start: Returned: code: 1  signal: null
13 info lifecycle tokiyori_devkit@1.0.0~start: Failed to exec start script
14 verbose stack Error: tokiyori_devkit@1.0.0 start: `npm-run-all -p watch:*`
14 verbose stack Exit status 1
14 verbose stack     at EventEmitter.<anonymous> (/Users/kousuke_banzai/.nodebrew/node/v6.11.0/lib/node_modules/npm/lib/utils/lifecycle.js:255:16)
14 verbose stack     at emitTwo (events.js:106:13)
14 verbose stack     at EventEmitter.emit (events.js:191:7)
14 verbose stack     at ChildProcess.<anonymous> (/Users/kousuke_banzai/.nodebrew/node/v6.11.0/lib/node_modules/npm/lib/utils/spawn.js:40:14)
14 verbose stack     at emitTwo (events.js:106:13)
14 verbose stack     at ChildProcess.emit (events.js:191:7)
14 verbose stack     at maybeClose (internal/child_process.js:891:16)
14 verbose stack     at Process.ChildProcess._handle.onexit (internal/child_process.js:226:5)
15 verbose pkgid tokiyori_devkit@1.0.0
16 verbose cwd /Applications/MAMP/htdocs/devkit/src
17 error Darwin 19.6.0
18 error argv "/Users/kousuke_banzai/.nodebrew/node/v6.11.0/bin/node" "/Users/kousuke_banzai/.nodebrew/current/bin/npm" "start"
19 error node v6.11.0
20 error npm  v3.10.10
21 error code ELIFECYCLE
22 error tokiyori_devkit@1.0.0 start: `npm-run-all -p watch:*`
22 error Exit status 1
23 error Failed at the tokiyori_devkit@1.0.0 start script 'npm-run-all -p watch:*'.
23 error Make sure you have the latest version of node.js and npm installed.
23 error If you do, this is most likely a problem with the tokiyori_devkit package,
23 error not with npm itself.
23 error Tell the author that this fails on your system:
23 error     npm-run-all -p watch:*
23 error You can get information on how to open an issue for this project with:
23 error     npm bugs tokiyori_devkit
23 error Or if that isn't available, you can get their info via:
23 error     npm owner ls tokiyori_devkit
23 error There is likely additional logging output above.
24 verbose exit [ 1, true ]
